<?xml version="1.0" encoding="UTF-8"?>
<!-- Generated by org.testng.reporters.JUnitReportReporter -->
<testsuite hostname="LAPTOP-B60O8NK3" failures="0" tests="1" name="tests.DriffleSignup" time="13.195" errors="0" timestamp="2025-09-24T22:48:48 IST" skipped="0">
  <testcase classname="tests.DriffleSignup" name="testSignup" time="13.195"/>
</testsuite> <!-- tests.DriffleSignup -->
