<?xml version="1.0" encoding="UTF-8"?>
<!-- Generated by org.testng.reporters.JUnitReportReporter -->
<testsuite hostname="LAPTOP-B60O8NK3" failures="0" tests="1" name="tests.SearchBoxTest" time="87.203" errors="0" timestamp="2025-09-24T23:20:56 IST" skipped="0">
  <testcase classname="tests.SearchBoxTest" name="testSearchSpotifyProduct" time="87.203"/>
</testsuite> <!-- tests.SearchBoxTest -->
