<?xml version="1.0" encoding="UTF-8"?>
<!-- Generated by org.testng.reporters.JUnitReportReporter -->
<testsuite hostname="LAPTOP-B60O8NK3" failures="0" tests="3" name="tests.SignupTest" time="69.561" errors="0" timestamp="2025-09-25T00:11:39 IST" skipped="0">
  <testcase classname="tests.SignupTest" name="testSignup" time="7.461"/>
  <testcase classname="tests.SignupTest" name="testSignup" time="40.627"/>
  <testcase classname="tests.SignupTest" name="testSignup" time="21.473"/>
</testsuite> <!-- tests.SignupTest -->
